<?xml version="1.0" encoding="UTF-8"?>
<robot generator="Robot 3.2.1 (Python 3.8.5 on win32)" generated="20200723 14:00:14.719" rpa="false">
<suite id="s1" name="Google" source="C:\Users\hasaneeyakae\robot\google.robot">
<test id="s1-t1" name="เปิด Google Chrome">
<kw name="Open Browser" library="SeleniumLibrary">
<doc>Opens a new browser instance to the optional ``url``.</doc>
<arguments>
<arg>http://Google.co.th</arg>
<arg>chrome</arg>
</arguments>
<msg timestamp="20200723 14:00:15.013" level="INFO">Opening browser 'chrome' to base url 'http://Google.co.th'.</msg>
<status status="PASS" starttime="20200723 14:00:15.013" endtime="20200723 14:00:20.588"></status>
</kw>
<kw name="Input Text" library="SeleniumLibrary">
<doc>Types the given ``text`` into the text field identified by ``locator``.</doc>
<arguments>
<arg>q</arg>
<arg>neeyalioness</arg>
</arguments>
<msg timestamp="20200723 14:00:20.590" level="INFO">Typing text 'neeyalioness' into text field 'q'.</msg>
<status status="PASS" starttime="20200723 14:00:20.589" endtime="20200723 14:00:20.859"></status>
</kw>
<status status="PASS" starttime="20200723 14:00:15.013" endtime="20200723 14:00:20.860" critical="yes"></status>
</test>
<status status="PASS" starttime="20200723 14:00:14.723" endtime="20200723 14:00:20.864"></status>
</suite>
<statistics>
<total>
<stat pass="1" fail="0">Critical Tests</stat>
<stat pass="1" fail="0">All Tests</stat>
</total>
<tag>
</tag>
<suite>
<stat pass="1" fail="0" id="s1" name="Google">Google</stat>
</suite>
</statistics>
<errors>
</errors>
</robot>
